<?xml version="1.0" encoding="UTF-8"?>
<testsuite name="Registro de cliente" tests="1" skipped="0" failures="0" errors="0" timestamp="2021-06-03T23:55:22" hostname="LAPTOP-46GTH1SU" time="29.793">
  <properties/>
  <testcase name="Registro exitoso" classname="Registro de cliente" time="29.793"/>
  <system-out><![CDATA[]]></system-out>
  <system-err><![CDATA[Starting ChromeDriver 91.0.4472.19 (1bf021f248676a0b2ab3ee0561d83a59e424c23e-refs/branch-heads/4472@{#288}) on port 30640
Only local connections are allowed.
Please see https://chromedriver.chromium.org/security-considerations for suggestions on keeping ChromeDriver safe.
ChromeDriver was started successfully.
jun. 03, 2021 6:55:27 P. M. org.openqa.selenium.remote.ProtocolHandshake createSession
INFO: Detected dialect: W3C
]]></system-err>
</testsuite>
